This is pdfTeX, Version 3.141592653-2.6-1.40.29 (TeX Live 2026) (preloaded format=pdflatex 2026.6.25)  14 JUL 2026 14:06
entering extended mode
 restricted \write18 enabled.
 %&-line parsing enabled.
**main.tex
(./main.tex
LaTeX2e <2026-06-01>
L3 programming layer <2026-06-18>
(/Users/wangyaoping/Library/TinyTeX/texmf-dist/tex/latex/base/article.cls
Document Class: article 2025/01/22 v1.4n Standard LaTeX document class
(/Users/wangyaoping/Library/TinyTeX/texmf-dist/tex/latex/base/size11.clo
File: size11.clo 2025/01/22 v1.4n Standard LaTeX file (size option)
)
\c@part=\count276
\c@section=\count277
\c@subsection=\count278
\c@subsubsection=\count279
\c@paragraph=\count280
\c@subparagraph=\count281
\c@figure=\count282
\c@table=\count283
\abovecaptionskip=\skip49
\belowcaptionskip=\skip50
\bibindent=\dimen150
) (./jmlr2e.sty
Document Style `jmlr'.
(/Users/wangyaoping/Library/TinyTeX/texmf-dist/tex/latex/graphics/epsfig.sty
Package: epsfig 2024/01/14 v1.7b (e)psfig emulation (SPQR)
 (/Users/wangyaoping/Library/TinyTeX/texmf-dist/tex/latex/graphics/graphicx.sty
Package: graphicx 2026-05-17 v1.2e Enhanced LaTeX Graphics (DPC,SPQR)
 (/Users/wangyaoping/Library/TinyTeX/texmf-dist/tex/latex/graphics/keyval.sty
Package: keyval 2026-05-17 v1.15 key=value parser (DPC)
\KV@toks@=\toks17
) (/Users/wangyaoping/Library/TinyTeX/texmf-dist/tex/latex/graphics/graphics.sty
Package: graphics 2026-05-17 v1.4h Standard LaTeX Graphics (DPC,SPQR)
 (/Users/wangyaoping/Library/TinyTeX/texmf-dist/tex/latex/graphics/trig.sty
Package: trig 2023/12/02 v1.11 sin cos tan (DPC)
) (/Users/wangyaoping/Library/TinyTeX/texmf-dist/tex/latex/graphics-cfg/graphics.cfg
File: graphics.cfg 2016/06/04 v1.11 sample graphics configuration
)
Package graphics Info: Driver file: pdftex.def on input line 106.
 (/Users/wangyaoping/Library/TinyTeX/texmf-dist/tex/latex/graphics-def/pdftex.def
File: pdftex.def 2025/09/29 v1.2d Graphics/color driver for pdftex
))
\Gin@req@height=\dimen151
\Gin@req@width=\dimen152
)
\epsfxsize=\dimen153
\epsfysize=\dimen154
) (/Users/wangyaoping/Library/TinyTeX/texmf-dist/tex/latex/amsfonts/amssymb.sty
Package: amssymb 2013/01/14 v3.01 AMS font symbols
 (/Users/wangyaoping/Library/TinyTeX/texmf-dist/tex/latex/amsfonts/amsfonts.sty
Package: amsfonts 2013/01/14 v3.01 Basic AMSFonts support
\@emptytoks=\toks18
\symAMSa=\mathgroup4
\symAMSb=\mathgroup5
LaTeX Font Info:    Redeclaring math symbol \hbar on input line 98.
LaTeX Font Info:    Overwriting math alphabet `\mathfrak' in version `bold'
(Font)                  U/euf/m/n --> U/euf/b/n on input line 106.
)) (/Users/wangyaoping/Library/TinyTeX/texmf-dist/tex/latex/natbib/natbib.sty
Package: natbib 2010/09/13 8.31b (PWD, AO)
\bibhang=\skip51
\bibsep=\skip52
LaTeX Info: Redefining \cite on input line 694.
\c@NAT@ctr=\count284
) (/Users/wangyaoping/Library/TinyTeX/texmf-dist/tex/latex/hyperref/hyperref.sty
Package: hyperref 2026-06-17 v7.01r Hypertext links for LaTeX
 (/Users/wangyaoping/Library/TinyTeX/texmf-dist/tex/generic/iftex/iftex.sty
Package: iftex 2024/12/12 v1.0g TeX engine tests
) (/Users/wangyaoping/Library/TinyTeX/texmf-dist/tex/latex/kvsetkeys/kvsetkeys.sty
Package: kvsetkeys 2022-10-05 v1.19 Key value parser (HO)
) (/Users/wangyaoping/Library/TinyTeX/texmf-dist/tex/generic/kvdefinekeys/kvdefinekeys.sty
Package: kvdefinekeys 2019-12-19 v1.6 Define keys (HO)
) (/Users/wangyaoping/Library/TinyTeX/texmf-dist/tex/generic/pdfescape/pdfescape.sty
Package: pdfescape 2019/12/09 v1.15 Implements pdfTeX's escape features (HO)
 (/Users/wangyaoping/Library/TinyTeX/texmf-dist/tex/generic/ltxcmds/ltxcmds.sty
Package: ltxcmds 2023-12-04 v1.26 LaTeX kernel commands for general use (HO)
) (/Users/wangyaoping/Library/TinyTeX/texmf-dist/tex/generic/pdftexcmds/pdftexcmds.sty
Package: pdftexcmds 2020-06-27 v0.33 Utility functions of pdfTeX for LuaTeX (HO)
 (/Users/wangyaoping/Library/TinyTeX/texmf-dist/tex/generic/infwarerr/infwarerr.sty
Package: infwarerr 2019/12/03 v1.5 Providing info/warning/error messages (HO)
)
Package pdftexcmds Info: \pdf@primitive is available.
Package pdftexcmds Info: \pdf@ifprimitive is available.
Package pdftexcmds Info: \pdfdraftmode found.
)) (/Users/wangyaoping/Library/TinyTeX/texmf-dist/tex/latex/hycolor/hycolor.sty
Package: hycolor 2020-01-27 v1.10 Color options for hyperref/bookmark (HO)
) (/Users/wangyaoping/Library/TinyTeX/texmf-dist/tex/latex/hyperref/nameref.sty
Package: nameref 2026-01-29 v2.58 Cross-referencing by name of section
 (/Users/wangyaoping/Library/TinyTeX/texmf-dist/tex/latex/refcount/refcount.sty
Package: refcount 2019/12/15 v3.6 Data extraction from label references (HO)
) (/Users/wangyaoping/Library/TinyTeX/texmf-dist/tex/generic/gettitlestring/gettitlestring.sty
Package: gettitlestring 2019/12/15 v1.6 Cleanup title references (HO)
 (/Users/wangyaoping/Library/TinyTeX/texmf-dist/tex/latex/kvoptions/kvoptions.sty
Package: kvoptions 2022-06-15 v3.15 Key value format for package options (HO)
))
\c@section@level=\count285
) (/Users/wangyaoping/Library/TinyTeX/texmf-dist/tex/latex/etoolbox/etoolbox.sty
Package: etoolbox 2025/10/02 v2.5m e-TeX tools for LaTeX (JAW)
\etb@tempcnta=\count286
) (/Users/wangyaoping/Library/TinyTeX/texmf-dist/tex/generic/stringenc/stringenc.sty
Package: stringenc 2019/11/29 v1.12 Convert strings between diff. encodings (HO)
)
\@linkdim=\dimen155
\Hy@linkcounter=\count287
\Hy@pagecounter=\count288
 (/Users/wangyaoping/Library/TinyTeX/texmf-dist/tex/latex/hyperref/pd1enc.def
File: pd1enc.def 2026-06-17 v7.01r Hyperref: PDFDocEncoding definition (HO)
Now handling font encoding PD1 ...
... no UTF-8 mapping file for font encoding PD1
) (/Users/wangyaoping/Library/TinyTeX/texmf-dist/tex/generic/intcalc/intcalc.sty
Package: intcalc 2019/12/15 v1.3 Expandable calculations with integers (HO)
)
\Hy@SavedSpaceFactor=\count289
 (/Users/wangyaoping/Library/TinyTeX/texmf-dist/tex/latex/hyperref/puenc.def
File: puenc.def 2026-06-17 v7.01r Hyperref: PDF Unicode definition (HO)
Now handling font encoding PU ...
... no UTF-8 mapping file for font encoding PU
)
Package hyperref Info: Option `colorlinks' set `false' on input line 4070.
Package hyperref Info: Hyper figures OFF on input line 4199.
Package hyperref Info: Link nesting OFF on input line 4204.
Package hyperref Info: Hyper index ON on input line 4207.
Package hyperref Info: Plain pages OFF on input line 4214.
Package hyperref Info: Backreferencing OFF on input line 4219.
Package hyperref Info: Implicit mode ON; LaTeX internals redefined.
Package hyperref Info: Bookmarks ON on input line 4466.
\c@Hy@tempcnt=\count290
 (/Users/wangyaoping/Library/TinyTeX/texmf-dist/tex/latex/url/url.sty
\Urlmuskip=\muskip17
Package: url 2013/09/16  ver 3.4  Verb mode for urls, etc.
)
LaTeX Info: Redefining \url on input line 4805.
\XeTeXLinkMargin=\dimen156
 (/Users/wangyaoping/Library/TinyTeX/texmf-dist/tex/generic/bitset/bitset.sty
Package: bitset 2019/12/09 v1.3 Handle bit-vector datatype (HO)
 (/Users/wangyaoping/Library/TinyTeX/texmf-dist/tex/generic/bigintcalc/bigintcalc.sty
Package: bigintcalc 2019/12/15 v1.5 Expandable calculations on big integers (HO)
))
\Fld@menulength=\count291
\Field@Width=\dimen157
\Fld@charsize=\dimen158
Package hyperref Info: Hyper figures OFF on input line 6091.
Package hyperref Info: Link nesting OFF on input line 6096.
Package hyperref Info: Hyper index ON on input line 6099.
Package hyperref Info: backreferencing OFF on input line 6106.
Package hyperref Info: Link coloring OFF on input line 6111.
Package hyperref Info: Link coloring with OCG OFF on input line 6116.
Package hyperref Info: PDF/A mode OFF on input line 6121.
\Hy@abspage=\count292
\c@Item=\count293
\c@Hfootnote=\count294
)
Package hyperref Info: Driver (autodetected): hpdftex.
 (/Users/wangyaoping/Library/TinyTeX/texmf-dist/tex/latex/hyperref/hpdftex.def
File: hpdftex.def 2026-06-17 v7.01r Hyperref driver for pdfTeX
\Fld@listcount=\count295
\c@bookmark@seq@number=\count296
 (/Users/wangyaoping/Library/TinyTeX/texmf-dist/tex/latex/rerunfilecheck/rerunfilecheck.sty
Package: rerunfilecheck 2025-06-21 v1.11 Rerun checks for auxiliary files (HO)
 (/Users/wangyaoping/Library/TinyTeX/texmf-dist/tex/generic/uniquecounter/uniquecounter.sty
Package: uniquecounter 2019/12/15 v1.4 Provide unlimited unique counter (HO)
)
Package uniquecounter Info: New unique counter `rerunfilecheck' on input line 284.
)
\Hy@SectionHShift=\skip53
)
\aftertitskip=\skip54
\beforetitskip=\skip55
\interauthorskip=\skip56
\aftermaketitskip=\skip57
\c@example=\count297
\c@theorem=\count298
) (/Users/wangyaoping/Library/TinyTeX/texmf-dist/tex/latex/booktabs/booktabs.sty
Package: booktabs 2020/01/12 v1.61803398 Publication quality tables
\heavyrulewidth=\dimen159
\lightrulewidth=\dimen160
\cmidrulewidth=\dimen161
\belowrulesep=\dimen162
\belowbottomsep=\dimen163
\aboverulesep=\dimen164
\abovetopsep=\dimen165
\cmidrulesep=\dimen166
\cmidrulekern=\dimen167
\defaultaddspace=\dimen168
\@cmidla=\count299
\@cmidlb=\count300
\@aboverulesep=\dimen169
\@belowrulesep=\dimen170
\@thisruleclass=\count301
\@lastruleclass=\count302
\@thisrulewidth=\dimen171
) (/Users/wangyaoping/Library/TinyTeX/texmf-dist/tex/latex/caption/subcaption.sty
Package: subcaption 2023/07/28 v1.6b Sub-captions (AR)
 (/Users/wangyaoping/Library/TinyTeX/texmf-dist/tex/latex/caption/caption.sty
Package: caption 2023/08/05 v3.6o Customizing captions (AR)
 (/Users/wangyaoping/Library/TinyTeX/texmf-dist/tex/latex/caption/caption3.sty
Package: caption3 2023/07/31 v2.4d caption3 kernel (AR)
\caption@tempdima=\dimen172
\captionmargin=\dimen173
\caption@leftmargin=\dimen174
\caption@rightmargin=\dimen175
\caption@width=\dimen176
\caption@indent=\dimen177
\caption@parindent=\dimen178
\caption@hangindent=\dimen179
Package caption Info: Unknown document class (or package),
(caption)             standard defaults will be used.
Package caption Info: \@makecaption = \long macro:#1#2-> \vskip 10pt \setbox \@tempboxa \hbox {#1: #2} \ifdim \wd \@tempboxa >\hsize \begin {list}{#1:}{ \settowidth {\labelwidth }{#1:} \setlength {\leftmargin }{\labelwidth } \addtolength {\leftmargin }{\labelsep } }\item #2 \end {list}\par \else \hbox to\hsize {\hfil \box \@tempboxa \hfil } \fi  on input line 1175.
)

Package caption Warning: Unknown document class (or package),
(caption)                standard defaults will be used.
See the caption package documentation for explanation.

\c@caption@flags=\count303
\c@continuedfloat=\count304
Package caption Info: hyperref package is loaded.
)
Package caption Info: New subtype `subfigure' on input line 238.
\c@subfigure=\count305
Package caption Info: New subtype `subtable' on input line 238.
\c@subtable=\count306
) (/Users/wangyaoping/Library/TinyTeX/texmf-dist/tex/latex/amsmath/amsmath.sty
Package: amsmath 2026/05/19 v2.18d AMS math features
\@mathmargin=\skip58

For additional information on amsmath, use the `?' option.
(/Users/wangyaoping/Library/TinyTeX/texmf-dist/tex/latex/amsmath/amstext.sty
Package: amstext 2024/11/17 v2.01 AMS text
 (/Users/wangyaoping/Library/TinyTeX/texmf-dist/tex/latex/amsmath/amsgen.sty
File: amsgen.sty 1999/11/30 v2.0 generic functions
\@emptytoks=\toks19
\ex@=\dimen180
)) (/Users/wangyaoping/Library/TinyTeX/texmf-dist/tex/latex/amsmath/amsbsy.sty
Package: amsbsy 1999/11/29 v1.2d Bold Symbols
\pmbraise@=\dimen181
) (/Users/wangyaoping/Library/TinyTeX/texmf-dist/tex/latex/amsmath/amsopn.sty
Package: amsopn 2022/04/08 v2.04 operator names
)
\inf@bad=\count307
LaTeX Info: Redefining \frac on input line 233.
\uproot@=\count308
\leftroot@=\count309
LaTeX Info: Redefining \overline on input line 398.
LaTeX Info: Redefining \colon on input line 409.
\classnum@=\count310
\DOTSCASE@=\count311
LaTeX Info: Redefining \ldots on input line 495.
LaTeX Info: Redefining \dots on input line 498.
LaTeX Info: Redefining \cdots on input line 619.
\Mathstrutbox@=\box53
\strutbox@=\box54
LaTeX Info: Redefining \big on input line 721.
LaTeX Info: Redefining \Big on input line 722.
LaTeX Info: Redefining \bigg on input line 723.
LaTeX Info: Redefining \Bigg on input line 724.
\big@size=\dimen182
LaTeX Font Info:    Redeclaring font encoding OML on input line 742.
LaTeX Font Info:    Redeclaring font encoding OMS on input line 743.
\macc@depth=\count312
LaTeX Info: Redefining \bmod on input line 904.
LaTeX Info: Redefining \pmod on input line 909.
LaTeX Info: Redefining \smash on input line 939.
LaTeX Info: Redefining \relbar on input line 969.
LaTeX Info: Redefining \Relbar on input line 970.
\c@MaxMatrixCols=\count313
\dotsspace@=\muskip18
\c@parentequation=\count314
\dspbrk@lvl=\count315
\tag@help=\toks20
\row@=\count316
\column@=\count317
\maxfields@=\count318
\andhelp@=\toks21
\eqnshift@=\dimen183
\alignsep@=\dimen184
\tagshift@=\dimen185
\tagwidth@=\dimen186
\totwidth@=\dimen187
\lineht@=\dimen188
\@envbody=\toks22
\multlinegap=\skip59
\multlinetaggap=\skip60
\mathdisplay@stack=\toks23
LaTeX Info: Redefining \[ on input line 2965.
LaTeX Info: Redefining \] on input line 2966.
) (./math_commands.tex (/Users/wangyaoping/Library/TinyTeX/texmf-dist/tex/latex/tools/bm.sty
Package: bm 2025/10/21 v1.2g Bold Symbol Support (DPC/FMi)
\symboldoperators=\mathgroup6
\symboldletters=\mathgroup7
\symboldsymbols=\mathgroup8
Package bm Info: No bold for \OMX/cmex/m/n, using \pmb.
Package bm Info: No bold for \U/msa/m/n, using \pmb.
Package bm Info: No bold for \U/msb/m/n, using \pmb.
LaTeX Font Info:    Redeclaring math alphabet \mathbf on input line 149.
)
LaTeX Font Info:    Overwriting math alphabet `\mathsfit' in version `bold'
(Font)                  OT1/cmss/m/sl --> OT1/cmss/bx/n on input line 314.
)
\c@assumption=\count319
\c@algorithm=\count320
 (/Users/wangyaoping/Library/TinyTeX/texmf-dist/tex/latex/l3backend/l3backend-pdftex.def
File: l3backend-pdftex.def 2026-02-18 L3 backend support: PDF output (pdfTeX)
\l__color_backend_stack_int=\count321
) (./main.aux)
\openout1 = `main.aux'.

LaTeX Font Info:    Checking defaults for OML/cmm/m/it on input line 40.
LaTeX Font Info:    ... okay on input line 40.
LaTeX Font Info:    Checking defaults for OMS/cmsy/m/n on input line 40.
LaTeX Font Info:    ... okay on input line 40.
LaTeX Font Info:    Checking defaults for OT1/cmr/m/n on input line 40.
LaTeX Font Info:    ... okay on input line 40.
LaTeX Font Info:    Checking defaults for T1/cmr/m/n on input line 40.
LaTeX Font Info:    ... okay on input line 40.
LaTeX Font Info:    Checking defaults for TS1/cmr/m/n on input line 40.
LaTeX Font Info:    ... okay on input line 40.
LaTeX Font Info:    Checking defaults for OMX/cmex/m/n on input line 40.
LaTeX Font Info:    ... okay on input line 40.
LaTeX Font Info:    Checking defaults for U/cmr/m/n on input line 40.
LaTeX Font Info:    ... okay on input line 40.
LaTeX Font Info:    Checking defaults for PD1/pdf/m/n on input line 40.
LaTeX Font Info:    ... okay on input line 40.
LaTeX Font Info:    Checking defaults for PU/pdf/m/n on input line 40.
LaTeX Font Info:    ... okay on input line 40.
 (/Users/wangyaoping/Library/TinyTeX/texmf-dist/tex/latex/epstopdf-pkg/epstopdf-base.sty
Package: epstopdf-base 2020-01-24 v2.11 Base part for package epstopdf
Package epstopdf-base Info: Redefining graphics rule for `.eps' on input line 485.
 (/Users/wangyaoping/Library/TinyTeX/texmf-dist/tex/latex/latexconfig/epstopdf-sys.cfg
File: epstopdf-sys.cfg 2010/07/13 v1.3 Configuration of (r)epstopdf for TeX Live
))
Package hyperref Info: Link coloring OFF on input line 40.
 (./main.out) (./main.out)
\@outlinefile=\write3
\openout3 = `main.out'.

Package caption Info: Begin \AtBeginDocument code.
Package caption Info: End \AtBeginDocument code.
LaTeX Font Info:    Trying to load font information for U+msa on input line 46.
 (/Users/wangyaoping/Library/TinyTeX/texmf-dist/tex/latex/amsfonts/umsa.fd
File: umsa.fd 2013/01/14 v3.01 AMS symbols A
)
LaTeX Font Info:    Trying to load font information for U+msb on input line 46.
 (/Users/wangyaoping/Library/TinyTeX/texmf-dist/tex/latex/amsfonts/umsb.fd
File: umsb.fd 2013/01/14 v3.01 AMS symbols B
)
Underfull \vbox (badness 1325) has occurred while \output is active []

 [1

{/Users/wangyaoping/Library/TinyTeX/texmf-var/fonts/map/pdftex/updmap/pdftex.map}] [2] [3]
Underfull \hbox (badness 1817) in paragraph at lines 111--111
[]\OT1/cmr/m/n/10 Is CKA bi-ased by
 []


Underfull \hbox (badness 10000) in paragraph at lines 112--112
[]\OT1/cmr/m/n/10 Bootstrap re-sam-
 []


Underfull \hbox (badness 6944) in paragraph at lines 112--113
[]\OT1/cmr/m/n/10 Held-out pre-dic-tive
 []


Underfull \hbox (badness 10000) in paragraph at lines 113--114
\OT1/cmr/m/n/10 SVCCA, PWCCA,
 []


LaTeX Warning: `h' float specifier changed to `ht'.


Underfull \vbox (badness 3078) has occurred while \output is active []

 [4] [5]
Overfull \hbox (2.30914pt too wide) in paragraph at lines 153--154
[]\OT1/cmr/m/it/10.95 Under As-sump-tions []1[]--[]2[], $\OML/cmm/m/it/10.95 K$\OT1/cmr/m/it/10.95 -fold cross-validation
 []

[6] [7]
<figures/fig1.png, id=302, 714.0276pt x 296.66835pt>
File: figures/fig1.png Graphic file (type png)
<use figures/fig1.png>
Package pdftex.def Info: figures/fig1.png  used on input line 225.
(pdftex.def)             Requested size: 346.89731pt x 144.13293pt.

Underfull \vbox (badness 10000) has occurred while \output is active []

 [8 <./figures/fig1.png>]
Overfull \hbox (2.42084pt too wide) in paragraph at lines 243--244
[]\OT1/cmr/m/n/10.95 Width con-trols feature-kernel sta-bil-ity (Fig-ure []1[]). For the poly-no-mial and high-frequency
 []

<figures/fig2.png, id=314, 855.31544pt x 714.38895pt>
File: figures/fig2.png Graphic file (type png)
<use figures/fig2.png>
Package pdftex.def Info: figures/fig2.png  used on input line 286.
(pdftex.def)             Requested size: 433.62pt x 362.1643pt.
[9]
Overfull \hbox (108.20691pt too wide) in paragraph at lines 305--306
[]
 []


Overfull \hbox (6.31079pt too wide) in paragraph at lines 306--307
[]\OT1/cmr/m/n/10.95 Strong pos-i-tive cor-re-la-tion driven pri-
 []

[10]
Overfull \hbox (6.9116pt too wide) in paragraph at lines 307--308
[]\OT1/cmr/m/n/10.95 Near-perfect pos-i-tive cor-re-la-tion, con-trast-
 []

[11 <./figures/fig2.png>]
Underfull \vbox (badness 1881) has occurred while \output is active []

 [12]
Underfull \vbox (badness 3219) has occurred while \output is active []

 [13]
<figures/fig4.png, id=354, 787.0203pt x 339.669pt>
File: figures/fig4.png Graphic file (type png)
<use figures/fig4.png>
Package pdftex.def Info: figures/fig4.png  used on input line 347.
(pdftex.def)             Requested size: 433.62pt x 187.14505pt.

Overfull \hbox (3.15967pt too wide) in paragraph at lines 354--355
[]\OT1/cmr/m/n/10.95 FashionMNIST (Fig-ure []3[]b) shows a neg-a-tive Spear-man cor-re-la-tion be-tween ker-nel change
 []

[14 <./figures/fig4.png>] [15]
<figures/fig5.png, id=370, 715.11165pt x 498.663pt>
File: figures/fig5.png Graphic file (type png)
<use figures/fig5.png>
Package pdftex.def Info: figures/fig5.png  used on input line 372.
(pdftex.def)             Requested size: 346.89731pt x 241.90453pt.

Underfull \vbox (badness 1292) has occurred while \output is active []

 [16]
Underfull \vbox (badness 10000) has occurred while \output is active []

 [17 <./figures/fig5.png>]
Overfull \hbox (37.33908pt too wide) in paragraph at lines 401--402
[]\OT1/cmr/bx/it/10 Alignment: \OT1/cmr/m/it/10 De-com-pose $\OML/cmm/m/it/10 K[] \OT1/cmr/m/n/10 = [][] \OML/cmm/m/it/10 ^^U[]^^^[]^^^[]$\OT1/cmr/m/it/10 , com-pute tar-get pro-jec-tions $\OML/cmm/m/it/10 v[]$\OT1/cmr/m/it/10 , set $[] \OT1/cmr/m/n/10 = [][] \OML/cmm/m/it/10 v[]= [][] v[]$\OT1/cmr/m/it/10 . 
 []

[18] [19]
Underfull \hbox (badness 10000) in paragraph at lines 450--450
[]\OT1/cmr/m/n/10 CKA=0.92,
 []


Underfull \hbox (badness 1394) in paragraph at lines 450--450
\OT1/cmr/m/n/10 ^^A\OML/cmm/m/it/10 K \OT1/cmr/m/n/10 = 25%$
 []


Underfull \hbox (badness 10000) in paragraph at lines 450--450
\OMS/cmsy/m/n/10 !$ \OT1/cmr/m/n/10 mod-er-
 []


Underfull \hbox (badness 10000) in paragraph at lines 450--450
\OT1/cmr/m/n/10 ate change,
 []


Underfull \hbox (badness 10000) in paragraph at lines 450--450
\OT1/cmr/m/n/10 mod-er-ate
 []


Underfull \hbox (badness 4492) in paragraph at lines 450--450
\OT1/cmr/m/n/10 con-clude ``no
 []


Underfull \hbox (badness 10000) in paragraph at lines 450--450
\OT1/cmr/m/n/10 Can-not con-
 []


Underfull \hbox (badness 5022) in paragraph at lines 450--450
\OT1/cmr/m/n/10 clude ``use-ful
 []


Underfull \hbox (badness 10000) in paragraph at lines 450--451
[]$\OML/cmm/m/it/10 ^^Z \OT1/cmr/m/n/10 = 0\OML/cmm/m/it/10 :\OT1/cmr/m/n/10 14$
 []


Underfull \hbox (badness 10000) in paragraph at lines 450--451
\OT1/cmr/m/n/10 (near-zero).
 []


Underfull \hbox (badness 10000) in paragraph at lines 450--451
\OT1/cmr/m/n/10 Spec-tral
 []


Underfull \hbox (badness 10000) in paragraph at lines 450--451
\OT1/cmr/m/n/10 align-ment is
 []


Underfull \hbox (badness 10000) in paragraph at lines 450--451
\OT1/cmr/m/n/10 con-clu-sion:
 []


Underfull \hbox (badness 10000) in paragraph at lines 452--452
[]\OT1/cmr/m/n/10 Highfreq
 []


Underfull \hbox (badness 10000) in paragraph at lines 452--452
\OMS/cmsy/m/n/10 !$ \OT1/cmr/m/n/10 large
 []


Underfull \hbox (badness 3128) in paragraph at lines 452--452
\OT1/cmr/m/n/10 Do not con-
 []


Underfull \hbox (badness 5578) in paragraph at lines 452--453
\OT1/cmr/m/n/10 but col-lapses
 []


Underfull \hbox (badness 10000) in paragraph at lines 452--453
\OT1/cmr/m/n/10 af-ter width
 []


Underfull \hbox (badness 10000) in paragraph at lines 452--453
\OT1/cmr/m/n/10 ap-par-ent as-
 []


Underfull \hbox (badness 10000) in paragraph at lines 454--454
[]\OT1/cmr/m/n/10 GMM
 []


Underfull \hbox (badness 10000) in paragraph at lines 454--454
[]\OT1/cmr/m/n/10 CKA=0.99,
 []


Underfull \hbox (badness 3128) in paragraph at lines 454--454
\OT1/cmr/m/n/10 Do not con-
 []


Underfull \hbox (badness 10000) in paragraph at lines 454--455
[]$\OML/cmm/m/it/10 ^^Z \OT1/cmr/m/n/10 = 1\OML/cmm/m/it/10 :\OT1/cmr/m/n/10 0$
 []


Underfull \hbox (badness 10000) in paragraph at lines 454--455
\OT1/cmr/m/n/10 even af-ter
 []


Underfull \hbox (badness 1337) in paragraph at lines 454--455
\OT1/cmr/m/n/10 width con-trol
 []


Underfull \hbox (badness 2277) in paragraph at lines 454--455
\OT1/cmr/m/n/10 ($\OML/cmm/m/it/10 ^^Z \OT1/cmr/m/n/10 = 0\OML/cmm/m/it/10 :\OT1/cmr/m/n/10 91$).
 []


Underfull \hbox (badness 7344) in paragraph at lines 454--455
\OT1/cmr/m/n/10 Align-ment is
 []


Underfull \hbox (badness 6412) in paragraph at lines 454--455
\OT1/cmr/m/n/10 clu-sion: for
 []


Underfull \hbox (badness 10000) in paragraph at lines 454--455
\OT1/cmr/m/n/10 well-aligned
 []


Underfull \hbox (badness 10000) in paragraph at lines 454--455
\OT1/cmr/m/n/10 tasks, $^^A\OML/cmm/m/it/10 K$
 []


Underfull \vbox (badness 10000) has occurred while \output is active []

 [20] [21] [22] [23] (./main.bbl [24] [25])
Overfull \hbox (2.15451pt too wide) in paragraph at lines 567--568
[]\OT1/cmr/m/n/10.95 Taking ex-pec-ta-tions and not-ing that $\U/msb/m/n/10.95 E\OT1/cmr/m/n/10.95 [\OML/cmm/m/it/10.95 ^^N\OT1/cmr/m/n/10.95 ] = \OMS/cmsy/m/n/10.95 O\OT1/cmr/m/n/10.95 ([])$ by As-sump-tion []1[] and $[](^^A\OMS/cmsy/m/n/10.95 E\OML/cmm/m/it/10.95 ; ^^N\OT1/cmr/m/n/10.95 )$
 []

[26] [27]
<figures/figS1.png, id=480, 578.16pt x 722.7pt>
File: figures/figS1.png Graphic file (type png)
<use figures/figS1.png>
Package pdftex.def Info: figures/figS1.png  used on input line 616.
(pdftex.def)             Requested size: 346.89731pt x 433.62334pt.
<figures/mnist_scatter.png, id=481, 397.485pt x 325.215pt>
File: figures/mnist_scatter.png Graphic file (type png)
<use figures/mnist_scatter.png>
Package pdftex.def Info: figures/mnist_scatter.png  used on input line 623.
(pdftex.def)             Requested size: 260.17464pt x 212.87595pt.
<figures/figS2.png, id=482, 463.2507pt x 391.34206pt>
File: figures/figS2.png Graphic file (type png)
<use figures/figS2.png>
Package pdftex.def Info: figures/figS2.png  used on input line 630.
(pdftex.def)             Requested size: 281.85034pt x 238.11519pt.
<figures/fig_epoch_dynamics.png, id=483, 426.03165pt x 282.21436pt>
File: figures/fig_epoch_dynamics.png Graphic file (type png)
<use figures/fig_epoch_dynamics.png>
Package pdftex.def Info: figures/fig_epoch_dynamics.png  used on input line 637.
(pdftex.def)             Requested size: 260.17464pt x 172.3572pt.
<figures/figS5.png, id=486, 570.2103pt x 282.21436pt>
File: figures/figS5.png Graphic file (type png)
<use figures/figS5.png>
Package pdftex.def Info: figures/figS5.png  used on input line 644.
(pdftex.def)             Requested size: 368.57964pt x 182.42519pt.


LaTeX Warning: `!h' float specifier changed to `!ht'.


LaTeX Warning: `!h' float specifier changed to `!ht'.

[28 <./figures/figS1.png>] [29 <./figures/mnist_scatter.png>] [30 <./figures/figS2.png> <./figures/fig_epoch_dynamics.png>] [31 <./figures/figS5.png>] [32] (./main.aux)
 ***********
LaTeX2e <2026-06-01>
L3 programming layer <2026-06-18>
 ***********
Package rerunfilecheck Info: File `main.out' has not changed.
(rerunfilecheck)             Checksum: 6995D512CE13EAD1061B69FC2F886428;7113.
 ) 
Here is how much of TeX's memory you used:
 12390 strings out of 469158
 190923 string characters out of 5459505
 622703 words of memory out of 5000000
 41092 multiletter control sequences out of 15000+600000
 647337 words of font info for 110 fonts, out of 8000000 for 9000
 14 hyphenation exceptions out of 8191
 89i,10n,93p,1696b,653s stack positions out of 10000i,1000n,20000p,200000b,200000s
 </Users/wangyaoping/Library/TinyTeX/texmf-var/fonts/pk/ljfour/jknappen/ec/tcrm1095.600pk> </Users/wangyaoping/Library/TinyTeX/texmf-var/fonts/pk/ljfour/jknappen/ec/tcrm0800.600pk></Users/wangyaoping/Library/TinyTeX/texmf-dist/fonts/type1/public/amsfonts/cm/cmbx10.pfb></Users/wangyaoping/Library/TinyTeX/texmf-dist/fonts/type1/public/amsfonts/cm/cmbx12.pfb></Users/wangyaoping/Library/TinyTeX/texmf-dist/fonts/type1/public/amsfonts/cm/cmbxti10.pfb></Users/wangyaoping/Library/TinyTeX/texmf-dist/fonts/type1/public/amsfonts/cm/cmcsc10.pfb></Users/wangyaoping/Library/TinyTeX/texmf-dist/fonts/type1/public/amsfonts/cm/cmex10.pfb></Users/wangyaoping/Library/TinyTeX/texmf-dist/fonts/type1/public/amsfonts/cm/cmmi10.pfb></Users/wangyaoping/Library/TinyTeX/texmf-dist/fonts/type1/public/amsfonts/cm/cmmi7.pfb></Users/wangyaoping/Library/TinyTeX/texmf-dist/fonts/type1/public/amsfonts/cm/cmmi8.pfb></Users/wangyaoping/Library/TinyTeX/texmf-dist/fonts/type1/public/amsfonts/cm/cmmi9.pfb></Users/wangyaoping/Library/TinyTeX/texmf-dist/fonts/type1/public/amsfonts/cm/cmr10.pfb></Users/wangyaoping/Library/TinyTeX/texmf-dist/fonts/type1/public/amsfonts/cm/cmr6.pfb></Users/wangyaoping/Library/TinyTeX/texmf-dist/fonts/type1/public/amsfonts/cm/cmr7.pfb></Users/wangyaoping/Library/TinyTeX/texmf-dist/fonts/type1/public/amsfonts/cm/cmr8.pfb></Users/wangyaoping/Library/TinyTeX/texmf-dist/fonts/type1/public/amsfonts/cm/cmr9.pfb></Users/wangyaoping/Library/TinyTeX/texmf-dist/fonts/type1/public/amsfonts/cm/cmsy10.pfb></Users/wangyaoping/Library/TinyTeX/texmf-dist/fonts/type1/public/amsfonts/cm/cmsy7.pfb></Users/wangyaoping/Library/TinyTeX/texmf-dist/fonts/type1/public/amsfonts/cm/cmsy8.pfb></Users/wangyaoping/Library/TinyTeX/texmf-dist/fonts/type1/public/amsfonts/cm/cmsy9.pfb></Users/wangyaoping/Library/TinyTeX/texmf-dist/fonts/type1/public/amsfonts/cm/cmti10.pfb></Users/wangyaoping/Library/TinyTeX/texmf-dist/fonts/type1/public/amsfonts/cm/cmti7.pfb></Users/wangyaoping/Library/TinyTeX/texmf-dist/fonts/type1/public/amsfonts/cm/cmti8.pfb></Users/wangyaoping/Library/TinyTeX/texmf-dist/fonts/type1/public/amsfonts/cm/cmtt10.pfb></Users/wangyaoping/Library/TinyTeX/texmf-dist/fonts/type1/public/amsfonts/cm/cmtt8.pfb></Users/wangyaoping/Library/TinyTeX/texmf-dist/fonts/type1/public/amsfonts/symbols/msbm10.pfb>
Output written on main.pdf (32 pages, 1432252 bytes).
PDF statistics:
 665 PDF objects out of 1000 (max. 8388607)
 556 compressed objects within 6 object streams
 149 named destinations out of 1000 (max. 500000)
 318 words of extra memory for PDF output out of 10000 (max. 10000000)

